2024/03/18 12:51:21 [notice] 1#1: using the "epoll" event method
2024/03/18 12:51:21 [notice] 1#1: nginx/1.25.4
2024/03/18 12:51:21 [notice] 1#1: built by gcc 12.2.1 20220924 (Alpine 12.2.1_git20220924-r10) 
2024/03/18 12:51:21 [notice] 1#1: OS: Linux 5.15.133.1-microsoft-standard-WSL2
2024/03/18 12:51:21 [notice] 1#1: getrlimit(RLIMIT_NOFILE): 1048576:1048576
2024/03/18 12:51:21 [notice] 1#1: start worker processes
2024/03/18 12:51:21 [notice] 1#1: start worker process 29
2024/03/18 12:51:21 [notice] 1#1: start worker process 30
2024/03/18 12:51:21 [notice] 1#1: start worker process 31
2024/03/18 12:51:21 [notice] 1#1: start worker process 32
2024/03/18 12:51:40 [error] 30#30: *2 open() "/var/www/html/favicon.ico" failed (2: No such file or directory), client: 172.26.0.1, server: , request: "GET /favicon.ico HTTP/1.1", host: "localhost:8080", referrer: "http://localhost:8080/"
2024/03/18 12:52:49 [notice] 1#1: signal 3 (SIGQUIT) received, shutting down
2024/03/18 12:52:49 [notice] 29#29: gracefully shutting down
2024/03/18 12:52:49 [notice] 29#29: exiting
2024/03/18 12:52:49 [notice] 32#32: gracefully shutting down
2024/03/18 12:52:49 [notice] 31#31: gracefully shutting down
2024/03/18 12:52:49 [notice] 32#32: exiting
2024/03/18 12:52:49 [notice] 31#31: exiting
2024/03/18 12:52:49 [notice] 29#29: exit
2024/03/18 12:52:49 [notice] 31#31: exit
2024/03/18 12:52:49 [notice] 32#32: exit
2024/03/18 12:52:49 [notice] 30#30: gracefully shutting down
2024/03/18 12:52:49 [notice] 30#30: exiting
2024/03/18 12:52:49 [notice] 30#30: exit
2024/03/18 12:52:50 [notice] 1#1: signal 17 (SIGCHLD) received from 29
2024/03/18 12:52:50 [notice] 1#1: worker process 29 exited with code 0
2024/03/18 12:52:50 [notice] 1#1: signal 29 (SIGIO) received
2024/03/18 12:52:50 [notice] 1#1: signal 17 (SIGCHLD) received from 32
2024/03/18 12:52:50 [notice] 1#1: worker process 30 exited with code 0
2024/03/18 12:52:50 [notice] 1#1: worker process 31 exited with code 0
2024/03/18 12:52:50 [notice] 1#1: worker process 32 exited with code 0
2024/03/18 12:52:50 [notice] 1#1: exit
2024/03/20 12:19:00 [notice] 1#1: using the "epoll" event method
2024/03/20 12:19:00 [notice] 1#1: nginx/1.25.4
2024/03/20 12:19:00 [notice] 1#1: built by gcc 12.2.1 20220924 (Alpine 12.2.1_git20220924-r10) 
2024/03/20 12:19:00 [notice] 1#1: OS: Linux 5.15.133.1-microsoft-standard-WSL2
2024/03/20 12:19:00 [notice] 1#1: getrlimit(RLIMIT_NOFILE): 1048576:1048576
2024/03/20 12:19:00 [notice] 1#1: start worker processes
2024/03/20 12:19:00 [notice] 1#1: start worker process 29
2024/03/20 12:19:00 [notice] 1#1: start worker process 30
2024/03/20 12:19:00 [notice] 1#1: start worker process 31
2024/03/20 12:19:00 [notice] 1#1: start worker process 32
2024/03/20 12:19:01 [notice] 1#1: signal 3 (SIGQUIT) received, shutting down
2024/03/20 12:19:01 [notice] 30#30: gracefully shutting down
2024/03/20 12:19:01 [notice] 30#30: exiting
2024/03/20 12:19:01 [notice] 31#31: gracefully shutting down
2024/03/20 12:19:01 [notice] 31#31: exiting
2024/03/20 12:19:01 [notice] 30#30: exit
2024/03/20 12:19:01 [notice] 31#31: exit
2024/03/20 12:19:01 [notice] 29#29: gracefully shutting down
2024/03/20 12:19:01 [notice] 29#29: exiting
2024/03/20 12:19:01 [notice] 29#29: exit
2024/03/20 12:19:01 [notice] 32#32: gracefully shutting down
2024/03/20 12:19:01 [notice] 32#32: exiting
2024/03/20 12:19:01 [notice] 32#32: exit
2024/03/20 12:19:01 [notice] 1#1: signal 17 (SIGCHLD) received from 30
2024/03/20 12:19:01 [notice] 1#1: worker process 30 exited with code 0
2024/03/20 12:19:01 [notice] 1#1: signal 29 (SIGIO) received
2024/03/20 12:19:01 [notice] 1#1: signal 17 (SIGCHLD) received from 29
2024/03/20 12:19:01 [notice] 1#1: worker process 29 exited with code 0
2024/03/20 12:19:01 [notice] 1#1: worker process 32 exited with code 0
2024/03/20 12:19:01 [notice] 1#1: signal 29 (SIGIO) received
2024/03/20 12:19:01 [notice] 1#1: signal 17 (SIGCHLD) received from 31
2024/03/20 12:19:01 [notice] 1#1: worker process 31 exited with code 0
2024/03/20 12:19:01 [notice] 1#1: exit
2024/03/20 12:19:26 [notice] 1#1: using the "epoll" event method
2024/03/20 12:19:26 [notice] 1#1: nginx/1.25.4
2024/03/20 12:19:26 [notice] 1#1: built by gcc 12.2.1 20220924 (Alpine 12.2.1_git20220924-r10) 
2024/03/20 12:19:26 [notice] 1#1: OS: Linux 5.15.133.1-microsoft-standard-WSL2
2024/03/20 12:19:26 [notice] 1#1: getrlimit(RLIMIT_NOFILE): 1048576:1048576
2024/03/20 12:19:26 [notice] 1#1: start worker processes
2024/03/20 12:19:26 [notice] 1#1: start worker process 29
2024/03/20 12:19:26 [notice] 1#1: start worker process 30
2024/03/20 12:19:26 [notice] 1#1: start worker process 31
2024/03/20 12:19:26 [notice] 1#1: start worker process 32
2024/03/20 12:24:48 [notice] 1#1: signal 3 (SIGQUIT) received, shutting down
2024/03/20 12:24:48 [notice] 29#29: gracefully shutting down
2024/03/20 12:24:48 [notice] 30#30: gracefully shutting down
2024/03/20 12:24:48 [notice] 30#30: exiting
2024/03/20 12:24:48 [notice] 29#29: exiting
2024/03/20 12:24:48 [notice] 32#32: gracefully shutting down
2024/03/20 12:24:48 [notice] 29#29: exit
2024/03/20 12:24:48 [notice] 30#30: exit
2024/03/20 12:24:48 [notice] 32#32: exiting
2024/03/20 12:24:48 [notice] 32#32: exit
2024/03/20 12:24:48 [notice] 31#31: gracefully shutting down
2024/03/20 12:24:48 [notice] 31#31: exiting
2024/03/20 12:24:48 [notice] 31#31: exit
2024/03/20 12:24:48 [notice] 1#1: signal 17 (SIGCHLD) received from 32
2024/03/20 12:24:48 [notice] 1#1: worker process 30 exited with code 0
2024/03/20 12:24:48 [notice] 1#1: worker process 32 exited with code 0
2024/03/20 12:24:48 [notice] 1#1: signal 29 (SIGIO) received
2024/03/20 12:24:48 [notice] 1#1: signal 17 (SIGCHLD) received from 29
2024/03/20 12:24:48 [notice] 1#1: worker process 29 exited with code 0
2024/03/20 12:24:48 [notice] 1#1: worker process 31 exited with code 0
2024/03/20 12:24:48 [notice] 1#1: exit
2024/03/20 12:24:53 [emerg] 1#1: host not found in upstream "app" in /etc/nginx/conf.d/default.conf:22
2024/03/20 12:30:27 [emerg] 1#1: host not found in upstream "app" in /etc/nginx/conf.d/default.conf:19
2024/03/20 12:31:03 [notice] 1#1: using the "epoll" event method
2024/03/20 12:31:03 [notice] 1#1: nginx/1.25.4
2024/03/20 12:31:03 [notice] 1#1: built by gcc 12.2.1 20220924 (Alpine 12.2.1_git20220924-r10) 
2024/03/20 12:31:03 [notice] 1#1: OS: Linux 5.15.133.1-microsoft-standard-WSL2
2024/03/20 12:31:03 [notice] 1#1: getrlimit(RLIMIT_NOFILE): 1048576:1048576
2024/03/20 12:31:03 [notice] 1#1: start worker processes
2024/03/20 12:31:03 [notice] 1#1: start worker process 29
2024/03/20 12:31:03 [notice] 1#1: start worker process 30
2024/03/20 12:31:03 [notice] 1#1: start worker process 31
2024/03/20 12:31:03 [notice] 1#1: start worker process 32
2024/03/20 12:50:39 [notice] 1#1: signal 3 (SIGQUIT) received, shutting down
2024/03/20 12:50:39 [notice] 29#29: gracefully shutting down
2024/03/20 12:50:39 [notice] 31#31: gracefully shutting down
2024/03/20 12:50:39 [notice] 32#32: gracefully shutting down
2024/03/20 12:50:39 [notice] 29#29: exiting
2024/03/20 12:50:39 [notice] 31#31: exiting
2024/03/20 12:50:39 [notice] 32#32: exiting
2024/03/20 12:50:39 [notice] 29#29: exit
2024/03/20 12:50:39 [notice] 31#31: exit
2024/03/20 12:50:39 [notice] 32#32: exit
2024/03/20 12:50:39 [notice] 30#30: gracefully shutting down
2024/03/20 12:50:39 [notice] 30#30: exiting
2024/03/20 12:50:39 [notice] 30#30: exit
2024/03/20 12:50:39 [notice] 1#1: signal 17 (SIGCHLD) received from 29
2024/03/20 12:50:39 [notice] 1#1: worker process 29 exited with code 0
2024/03/20 12:50:39 [notice] 1#1: worker process 32 exited with code 0
2024/03/20 12:50:39 [notice] 1#1: signal 29 (SIGIO) received
2024/03/20 12:50:39 [notice] 1#1: signal 17 (SIGCHLD) received from 31
2024/03/20 12:50:39 [notice] 1#1: worker process 31 exited with code 0
2024/03/20 12:50:39 [notice] 1#1: signal 29 (SIGIO) received
2024/03/20 12:50:39 [notice] 1#1: signal 17 (SIGCHLD) received from 30
2024/03/20 12:50:39 [notice] 1#1: worker process 30 exited with code 0
2024/03/20 12:50:39 [notice] 1#1: exit
2024/03/20 12:50:46 [notice] 1#1: using the "epoll" event method
2024/03/20 12:50:46 [notice] 1#1: nginx/1.25.4
2024/03/20 12:50:46 [notice] 1#1: built by gcc 12.2.1 20220924 (Alpine 12.2.1_git20220924-r10) 
2024/03/20 12:50:46 [notice] 1#1: OS: Linux 5.15.133.1-microsoft-standard-WSL2
2024/03/20 12:50:46 [notice] 1#1: getrlimit(RLIMIT_NOFILE): 1048576:1048576
2024/03/20 12:50:46 [notice] 1#1: start worker processes
2024/03/20 12:50:46 [notice] 1#1: start worker process 29
2024/03/20 12:50:46 [notice] 1#1: start worker process 30
2024/03/20 12:50:46 [notice] 1#1: start worker process 31
2024/03/20 12:50:46 [notice] 1#1: start worker process 32
2024/03/20 13:01:15 [notice] 1#1: signal 3 (SIGQUIT) received, shutting down
2024/03/20 13:01:15 [notice] 30#30: gracefully shutting down
2024/03/20 13:01:15 [notice] 30#30: exiting
2024/03/20 13:01:15 [notice] 30#30: exit
2024/03/20 13:01:15 [notice] 31#31: gracefully shutting down
2024/03/20 13:01:15 [notice] 31#31: exiting
2024/03/20 13:01:15 [notice] 31#31: exit
2024/03/20 13:01:15 [notice] 32#32: gracefully shutting down
2024/03/20 13:01:15 [notice] 29#29: gracefully shutting down
2024/03/20 13:01:15 [notice] 32#32: exiting
2024/03/20 13:01:15 [notice] 29#29: exiting
2024/03/20 13:01:15 [notice] 32#32: exit
2024/03/20 13:01:15 [notice] 29#29: exit
2024/03/20 13:01:15 [notice] 1#1: signal 17 (SIGCHLD) received from 30
2024/03/20 13:01:15 [notice] 1#1: worker process 30 exited with code 0
2024/03/20 13:01:15 [notice] 1#1: signal 29 (SIGIO) received
2024/03/20 13:01:15 [notice] 1#1: signal 17 (SIGCHLD) received from 29
2024/03/20 13:01:15 [notice] 1#1: worker process 29 exited with code 0
2024/03/20 13:01:15 [notice] 1#1: signal 29 (SIGIO) received
2024/03/20 13:01:15 [notice] 1#1: signal 17 (SIGCHLD) received from 32
2024/03/20 13:01:15 [notice] 1#1: worker process 31 exited with code 0
2024/03/20 13:01:15 [notice] 1#1: worker process 32 exited with code 0
2024/03/20 13:01:15 [notice] 1#1: exit
2024/03/20 13:05:15 [notice] 1#1: using the "epoll" event method
2024/03/20 13:05:15 [notice] 1#1: nginx/1.25.4
2024/03/20 13:05:15 [notice] 1#1: built by gcc 12.2.1 20220924 (Alpine 12.2.1_git20220924-r10) 
2024/03/20 13:05:15 [notice] 1#1: OS: Linux 5.15.133.1-microsoft-standard-WSL2
2024/03/20 13:05:15 [notice] 1#1: getrlimit(RLIMIT_NOFILE): 1048576:1048576
2024/03/20 13:05:15 [notice] 1#1: start worker processes
2024/03/20 13:05:15 [notice] 1#1: start worker process 29
2024/03/20 13:05:15 [notice] 1#1: start worker process 30
2024/03/20 13:05:15 [notice] 1#1: start worker process 31
2024/03/20 13:05:15 [notice] 1#1: start worker process 32
2024/03/20 13:07:07 [notice] 1#1: signal 3 (SIGQUIT) received, shutting down
2024/03/20 13:07:07 [notice] 29#29: gracefully shutting down
2024/03/20 13:07:07 [notice] 30#30: gracefully shutting down
2024/03/20 13:07:07 [notice] 29#29: exiting
2024/03/20 13:07:07 [notice] 31#31: gracefully shutting down
2024/03/20 13:07:07 [notice] 30#30: exiting
2024/03/20 13:07:07 [notice] 31#31: exiting
2024/03/20 13:07:07 [notice] 29#29: exit
2024/03/20 13:07:07 [notice] 30#30: exit
2024/03/20 13:07:07 [notice] 31#31: exit
2024/03/20 13:07:07 [notice] 32#32: gracefully shutting down
2024/03/20 13:07:07 [notice] 32#32: exiting
2024/03/20 13:07:07 [notice] 32#32: exit
2024/03/20 13:07:07 [notice] 1#1: signal 17 (SIGCHLD) received from 31
2024/03/20 13:07:07 [notice] 1#1: worker process 30 exited with code 0
2024/03/20 13:07:07 [notice] 1#1: worker process 31 exited with code 0
2024/03/20 13:07:07 [notice] 1#1: worker process 29 exited with code 0
2024/03/20 13:07:07 [notice] 1#1: worker process 32 exited with code 0
2024/03/20 13:07:07 [notice] 1#1: exit
2024/03/20 13:07:13 [notice] 1#1: using the "epoll" event method
2024/03/20 13:07:13 [notice] 1#1: nginx/1.25.4
2024/03/20 13:07:13 [notice] 1#1: built by gcc 12.2.1 20220924 (Alpine 12.2.1_git20220924-r10) 
2024/03/20 13:07:13 [notice] 1#1: OS: Linux 5.15.133.1-microsoft-standard-WSL2
2024/03/20 13:07:13 [notice] 1#1: getrlimit(RLIMIT_NOFILE): 1048576:1048576
2024/03/20 13:07:13 [notice] 1#1: start worker processes
2024/03/20 13:07:13 [notice] 1#1: start worker process 28
2024/03/20 13:07:13 [notice] 1#1: start worker process 29
2024/03/20 13:07:13 [notice] 1#1: start worker process 30
2024/03/20 13:07:13 [notice] 1#1: start worker process 31
2024/03/20 13:11:54 [notice] 1#1: signal 3 (SIGQUIT) received, shutting down
2024/03/20 13:11:54 [notice] 28#28: gracefully shutting down
2024/03/20 13:11:54 [notice] 29#29: gracefully shutting down
2024/03/20 13:11:54 [notice] 28#28: exiting
2024/03/20 13:11:54 [notice] 29#29: exiting
2024/03/20 13:11:54 [notice] 28#28: exit
2024/03/20 13:11:54 [notice] 29#29: exit
2024/03/20 13:11:54 [notice] 31#31: gracefully shutting down
2024/03/20 13:11:54 [notice] 31#31: exiting
2024/03/20 13:11:54 [notice] 31#31: exit
2024/03/20 13:11:54 [notice] 30#30: gracefully shutting down
2024/03/20 13:11:54 [notice] 30#30: exiting
2024/03/20 13:11:54 [notice] 30#30: exit
2024/03/20 13:11:54 [notice] 1#1: signal 17 (SIGCHLD) received from 30
2024/03/20 13:11:54 [notice] 1#1: worker process 28 exited with code 0
2024/03/20 13:11:54 [notice] 1#1: worker process 29 exited with code 0
2024/03/20 13:11:54 [notice] 1#1: worker process 30 exited with code 0
2024/03/20 13:11:54 [notice] 1#1: signal 29 (SIGIO) received
2024/03/20 13:11:54 [notice] 1#1: signal 17 (SIGCHLD) received from 28
2024/03/20 13:11:54 [notice] 1#1: worker process 31 exited with code 0
2024/03/20 13:11:54 [notice] 1#1: exit
2024/03/20 17:37:30 [notice] 1#1: using the "epoll" event method
2024/03/20 17:37:30 [notice] 1#1: nginx/1.25.4
2024/03/20 17:37:30 [notice] 1#1: built by gcc 12.2.1 20220924 (Alpine 12.2.1_git20220924-r10) 
2024/03/20 17:37:30 [notice] 1#1: OS: Linux 5.15.133.1-microsoft-standard-WSL2
2024/03/20 17:37:30 [notice] 1#1: getrlimit(RLIMIT_NOFILE): 1048576:1048576
2024/03/20 17:37:30 [notice] 1#1: start worker processes
2024/03/20 17:37:30 [notice] 1#1: start worker process 20
2024/03/20 17:37:30 [notice] 1#1: start worker process 21
2024/03/20 17:37:30 [notice] 1#1: start worker process 22
2024/03/20 17:37:30 [notice] 1#1: start worker process 23
2024/03/20 17:47:42 [notice] 1#1: signal 3 (SIGQUIT) received, shutting down
2024/03/20 17:47:42 [notice] 20#20: gracefully shutting down
2024/03/20 17:47:42 [notice] 22#22: gracefully shutting down
2024/03/20 17:47:42 [notice] 20#20: exiting
2024/03/20 17:47:42 [notice] 22#22: exiting
2024/03/20 17:47:42 [notice] 22#22: exit
2024/03/20 17:47:42 [notice] 20#20: exit
2024/03/20 17:47:42 [notice] 21#21: gracefully shutting down
2024/03/20 17:47:42 [notice] 21#21: exiting
2024/03/20 17:47:42 [notice] 21#21: exit
2024/03/20 17:47:42 [notice] 23#23: gracefully shutting down
2024/03/20 17:47:42 [notice] 23#23: exiting
2024/03/20 17:47:42 [notice] 23#23: exit
2024/03/20 17:47:42 [notice] 1#1: signal 17 (SIGCHLD) received from 20
2024/03/20 17:47:42 [notice] 1#1: worker process 20 exited with code 0
2024/03/20 17:47:42 [notice] 1#1: signal 29 (SIGIO) received
2024/03/20 17:47:42 [notice] 1#1: signal 17 (SIGCHLD) received from 21
2024/03/20 17:47:42 [notice] 1#1: worker process 21 exited with code 0
2024/03/20 17:47:42 [notice] 1#1: signal 29 (SIGIO) received
2024/03/20 17:47:42 [notice] 1#1: signal 17 (SIGCHLD) received from 22
2024/03/20 17:47:42 [notice] 1#1: worker process 22 exited with code 0
2024/03/20 17:47:42 [notice] 1#1: signal 29 (SIGIO) received
2024/03/20 17:47:42 [notice] 1#1: signal 17 (SIGCHLD) received from 23
2024/03/20 17:47:42 [notice] 1#1: worker process 23 exited with code 0
2024/03/20 17:47:42 [notice] 1#1: exit
2024/03/20 17:47:43 [emerg] 1#1: host not found in upstream "php" in /etc/nginx/conf.d/app.conf:12
2024/03/20 17:48:24 [emerg] 1#1: host not found in upstream "php" in /etc/nginx/conf.d/app.conf:12
2024/03/20 17:52:04 [emerg] 1#1: host not found in upstream "php" in /etc/nginx/conf.d/app.conf:12
2024/03/20 18:32:05 [emerg] 1#1: host not found in upstream "php" in /etc/nginx/conf.d/app.conf:12
2024/03/20 18:59:27 [emerg] 1#1: host not found in upstream "php" in /etc/nginx/conf.d/app.conf:12
2024/03/20 19:00:03 [notice] 1#1: using the "epoll" event method
2024/03/20 19:00:03 [notice] 1#1: nginx/1.25.4
2024/03/20 19:00:03 [notice] 1#1: built by gcc 12.2.1 20220924 (Alpine 12.2.1_git20220924-r10) 
2024/03/20 19:00:03 [notice] 1#1: OS: Linux 5.15.133.1-microsoft-standard-WSL2
2024/03/20 19:00:03 [notice] 1#1: getrlimit(RLIMIT_NOFILE): 1048576:1048576
2024/03/20 19:00:03 [notice] 1#1: start worker processes
2024/03/20 19:00:03 [notice] 1#1: start worker process 20
2024/03/20 19:00:03 [notice] 1#1: start worker process 21
2024/03/20 19:00:03 [notice] 1#1: start worker process 22
2024/03/20 19:00:03 [notice] 1#1: start worker process 23
2024/03/20 19:00:09 [error] 21#21: *2 open() "/var/www/html/favicon.ico" failed (2: No such file or directory), client: 192.168.48.1, server: , request: "GET /favicon.ico HTTP/1.1", host: "localhost:8080", referrer: "http://localhost:8080/"
2024/03/20 19:00:49 [error] 21#21: *2 open() "/var/www/html/favicon.ico" failed (2: No such file or directory), client: 192.168.48.1, server: , request: "GET /favicon.ico HTTP/1.1", host: "localhost:8080", referrer: "http://localhost:8080/"
2024/03/20 19:00:53 [notice] 1#1: signal 3 (SIGQUIT) received, shutting down
2024/03/20 19:00:53 [notice] 22#22: gracefully shutting down
2024/03/20 19:00:53 [notice] 22#22: exiting
2024/03/20 19:00:53 [notice] 23#23: gracefully shutting down
2024/03/20 19:00:53 [notice] 23#23: exiting
2024/03/20 19:00:53 [notice] 22#22: exit
2024/03/20 19:00:53 [notice] 23#23: exit
2024/03/20 19:00:53 [notice] 21#21: gracefully shutting down
2024/03/20 19:00:53 [notice] 20#20: gracefully shutting down
2024/03/20 19:00:53 [notice] 21#21: exiting
2024/03/20 19:00:53 [notice] 21#21: exit
2024/03/20 19:00:53 [notice] 1#1: signal 17 (SIGCHLD) received from 22
2024/03/20 19:00:53 [notice] 1#1: worker process 22 exited with code 0
2024/03/20 19:00:53 [notice] 1#1: signal 29 (SIGIO) received
2024/03/20 19:00:53 [notice] 1#1: signal 17 (SIGCHLD) received from 21
2024/03/20 19:00:53 [notice] 1#1: worker process 21 exited with code 0
2024/03/20 19:00:53 [notice] 1#1: signal 29 (SIGIO) received
2024/03/20 19:00:53 [notice] 1#1: signal 17 (SIGCHLD) received from 23
2024/03/20 19:00:53 [notice] 1#1: worker process 23 exited with code 0
2024/03/20 19:00:53 [notice] 1#1: signal 29 (SIGIO) received
2024/03/20 19:01:05 [notice] 1#1: using the "epoll" event method
2024/03/20 19:01:05 [notice] 1#1: nginx/1.25.4
2024/03/20 19:01:05 [notice] 1#1: built by gcc 12.2.1 20220924 (Alpine 12.2.1_git20220924-r10) 
2024/03/20 19:01:05 [notice] 1#1: OS: Linux 5.15.133.1-microsoft-standard-WSL2
2024/03/20 19:01:05 [notice] 1#1: getrlimit(RLIMIT_NOFILE): 1048576:1048576
2024/03/20 19:01:05 [notice] 1#1: start worker processes
2024/03/20 19:01:05 [notice] 1#1: start worker process 20
2024/03/20 19:01:05 [notice] 1#1: start worker process 21
2024/03/20 19:01:05 [notice] 1#1: start worker process 22
2024/03/20 19:01:05 [notice] 1#1: start worker process 23
2024/03/20 19:02:06 [notice] 1#1: signal 3 (SIGQUIT) received, shutting down
2024/03/20 19:02:06 [notice] 20#20: gracefully shutting down
2024/03/20 19:02:06 [notice] 20#20: exiting
2024/03/20 19:02:06 [notice] 20#20: exit
2024/03/20 19:02:06 [notice] 21#21: gracefully shutting down
2024/03/20 19:02:06 [notice] 22#22: gracefully shutting down
2024/03/20 19:02:06 [notice] 22#22: exiting
2024/03/20 19:02:06 [notice] 22#22: exit
2024/03/20 19:02:06 [notice] 23#23: gracefully shutting down
2024/03/20 19:02:06 [notice] 23#23: exiting
2024/03/20 19:02:06 [notice] 23#23: exit
2024/03/20 19:02:06 [notice] 1#1: signal 17 (SIGCHLD) received from 23
2024/03/20 19:02:06 [notice] 1#1: worker process 22 exited with code 0
2024/03/20 19:02:06 [notice] 1#1: worker process 23 exited with code 0
2024/03/20 19:02:06 [notice] 1#1: signal 29 (SIGIO) received
2024/03/20 19:02:06 [notice] 1#1: signal 17 (SIGCHLD) received from 20
2024/03/20 19:02:06 [notice] 1#1: worker process 20 exited with code 0
2024/03/20 19:02:06 [notice] 1#1: signal 29 (SIGIO) received
2024/03/20 19:02:14 [notice] 1#1: using the "epoll" event method
2024/03/20 19:02:14 [notice] 1#1: nginx/1.25.4
2024/03/20 19:02:14 [notice] 1#1: built by gcc 12.2.1 20220924 (Alpine 12.2.1_git20220924-r10) 
2024/03/20 19:02:14 [notice] 1#1: OS: Linux 5.15.133.1-microsoft-standard-WSL2
2024/03/20 19:02:14 [notice] 1#1: getrlimit(RLIMIT_NOFILE): 1048576:1048576
2024/03/20 19:02:14 [notice] 1#1: start worker processes
2024/03/20 19:02:14 [notice] 1#1: start worker process 20
2024/03/20 19:02:14 [notice] 1#1: start worker process 21
2024/03/20 19:02:14 [notice] 1#1: start worker process 22
2024/03/20 19:02:14 [notice] 1#1: start worker process 23
2024/03/20 19:02:31 [notice] 1#1: signal 3 (SIGQUIT) received, shutting down
2024/03/20 19:02:31 [notice] 20#20: gracefully shutting down
2024/03/20 19:02:31 [notice] 22#22: gracefully shutting down
2024/03/20 19:02:31 [notice] 22#22: exiting
2024/03/20 19:02:31 [notice] 20#20: exiting
2024/03/20 19:02:31 [notice] 22#22: exit
2024/03/20 19:02:31 [notice] 21#21: gracefully shutting down
2024/03/20 19:02:31 [notice] 20#20: exit
2024/03/20 19:02:31 [notice] 23#23: gracefully shutting down
2024/03/20 19:02:31 [notice] 23#23: exiting
2024/03/20 19:02:31 [notice] 23#23: exit
2024/03/20 19:02:31 [notice] 1#1: signal 17 (SIGCHLD) received from 23
2024/03/20 19:02:31 [notice] 1#1: worker process 22 exited with code 0
2024/03/20 19:02:31 [notice] 1#1: worker process 23 exited with code 0
2024/03/20 19:02:31 [notice] 1#1: signal 29 (SIGIO) received
2024/03/20 19:02:31 [notice] 1#1: signal 17 (SIGCHLD) received from 20
2024/03/20 19:02:31 [notice] 1#1: worker process 20 exited with code 0
2024/03/20 19:02:31 [notice] 1#1: signal 29 (SIGIO) received
2024/03/20 19:03:13 [notice] 1#1: using the "epoll" event method
2024/03/20 19:03:13 [notice] 1#1: nginx/1.25.4
2024/03/20 19:03:13 [notice] 1#1: built by gcc 12.2.1 20220924 (Alpine 12.2.1_git20220924-r10) 
2024/03/20 19:03:13 [notice] 1#1: OS: Linux 5.15.133.1-microsoft-standard-WSL2
2024/03/20 19:03:13 [notice] 1#1: getrlimit(RLIMIT_NOFILE): 1048576:1048576
2024/03/20 19:03:13 [notice] 1#1: start worker processes
2024/03/20 19:03:13 [notice] 1#1: start worker process 21
2024/03/20 19:03:13 [notice] 1#1: start worker process 22
2024/03/20 19:03:13 [notice] 1#1: start worker process 23
2024/03/20 19:03:13 [notice] 1#1: start worker process 24
2024/03/20 19:03:17 [error] 22#22: *2 directory index of "/var/www/html/" is forbidden, client: 192.168.96.1, server: , request: "GET / HTTP/1.1", host: "localhost:8080"
2024/03/20 19:03:22 [error] 22#22: *2 directory index of "/var/www/html/" is forbidden, client: 192.168.96.1, server: , request: "GET / HTTP/1.1", host: "localhost:8080"
2024/03/20 19:03:31 [error] 22#22: *2 directory index of "/var/www/html/" is forbidden, client: 192.168.96.1, server: , request: "GET / HTTP/1.1", host: "localhost:8080"
2024/03/20 19:03:32 [error] 22#22: *2 directory index of "/var/www/html/" is forbidden, client: 192.168.96.1, server: , request: "GET / HTTP/1.1", host: "localhost:8080"
2024/03/20 19:03:33 [error] 22#22: *2 directory index of "/var/www/html/" is forbidden, client: 192.168.96.1, server: , request: "GET / HTTP/1.1", host: "localhost:8080"
2024/03/20 19:03:36 [notice] 1#1: signal 3 (SIGQUIT) received, shutting down
2024/03/20 19:03:36 [notice] 21#21: gracefully shutting down
2024/03/20 19:03:36 [notice] 24#24: gracefully shutting down
2024/03/20 19:03:36 [notice] 24#24: exiting
2024/03/20 19:03:36 [notice] 23#23: gracefully shutting down
2024/03/20 19:03:36 [notice] 23#23: exiting
2024/03/20 19:03:36 [notice] 24#24: exit
2024/03/20 19:03:36 [notice] 23#23: exit
2024/03/20 19:03:36 [notice] 22#22: gracefully shutting down
2024/03/20 19:03:36 [notice] 22#22: exiting
2024/03/20 19:03:36 [notice] 22#22: exit
2024/03/20 19:03:37 [notice] 1#1: signal 17 (SIGCHLD) received from 23
2024/03/20 19:03:37 [notice] 1#1: worker process 23 exited with code 0
2024/03/20 19:03:37 [notice] 1#1: worker process 24 exited with code 0
2024/03/20 19:03:37 [notice] 1#1: signal 29 (SIGIO) received
2024/03/20 19:03:37 [notice] 1#1: signal 17 (SIGCHLD) received from 22
2024/03/20 19:03:37 [notice] 1#1: worker process 22 exited with code 0
2024/03/20 19:03:37 [notice] 1#1: signal 29 (SIGIO) received
2024/03/20 19:03:52 [notice] 1#1: using the "epoll" event method
2024/03/20 19:03:52 [notice] 1#1: nginx/1.25.4
2024/03/20 19:03:52 [notice] 1#1: built by gcc 12.2.1 20220924 (Alpine 12.2.1_git20220924-r10) 
2024/03/20 19:03:52 [notice] 1#1: OS: Linux 5.15.133.1-microsoft-standard-WSL2
2024/03/20 19:03:52 [notice] 1#1: getrlimit(RLIMIT_NOFILE): 1048576:1048576
2024/03/20 19:03:52 [notice] 1#1: start worker processes
2024/03/20 19:03:52 [notice] 1#1: start worker process 20
2024/03/20 19:03:52 [notice] 1#1: start worker process 21
2024/03/20 19:03:52 [notice] 1#1: start worker process 22
2024/03/20 19:03:52 [notice] 1#1: start worker process 23
2024/03/20 19:15:54 [notice] 1#1: signal 3 (SIGQUIT) received, shutting down
2024/03/20 19:15:54 [notice] 23#23: gracefully shutting down
2024/03/20 19:15:54 [notice] 23#23: exiting
2024/03/20 19:15:54 [notice] 23#23: exit
2024/03/20 19:15:54 [notice] 21#21: gracefully shutting down
2024/03/20 19:15:54 [notice] 21#21: exiting
2024/03/20 19:15:54 [notice] 22#22: gracefully shutting down
2024/03/20 19:15:54 [notice] 21#21: exit
2024/03/20 19:15:54 [notice] 22#22: exiting
2024/03/20 19:15:54 [notice] 22#22: exit
2024/03/20 19:15:54 [notice] 20#20: gracefully shutting down
2024/03/20 19:15:54 [notice] 20#20: exiting
2024/03/20 19:15:54 [notice] 20#20: exit
2024/03/20 19:15:54 [notice] 1#1: signal 17 (SIGCHLD) received from 22
2024/03/20 19:15:54 [notice] 1#1: worker process 20 exited with code 0
2024/03/20 19:15:54 [notice] 1#1: worker process 22 exited with code 0
2024/03/20 19:15:54 [notice] 1#1: signal 29 (SIGIO) received
2024/03/20 19:15:54 [notice] 1#1: signal 17 (SIGCHLD) received from 20
2024/03/20 19:15:54 [notice] 1#1: signal 17 (SIGCHLD) received from 23
2024/03/20 19:15:54 [notice] 1#1: worker process 21 exited with code 0
2024/03/20 19:15:54 [notice] 1#1: worker process 23 exited with code 0
2024/03/20 19:15:54 [notice] 1#1: exit
2024/03/20 19:16:34 [notice] 1#1: using the "epoll" event method
2024/03/20 19:16:34 [notice] 1#1: nginx/1.25.4
2024/03/20 19:16:34 [notice] 1#1: built by gcc 12.2.1 20220924 (Alpine 12.2.1_git20220924-r10) 
2024/03/20 19:16:34 [notice] 1#1: OS: Linux 5.15.133.1-microsoft-standard-WSL2
2024/03/20 19:16:34 [notice] 1#1: getrlimit(RLIMIT_NOFILE): 1048576:1048576
2024/03/20 19:16:34 [notice] 1#1: start worker processes
2024/03/20 19:16:34 [notice] 1#1: start worker process 20
2024/03/20 19:16:34 [notice] 1#1: start worker process 21
2024/03/20 19:16:34 [notice] 1#1: start worker process 22
2024/03/20 19:16:34 [notice] 1#1: start worker process 23
2024/03/20 19:17:15 [notice] 1#1: signal 3 (SIGQUIT) received, shutting down
2024/03/20 19:17:15 [notice] 21#21: gracefully shutting down
2024/03/20 19:17:15 [notice] 21#21: exiting
2024/03/20 19:17:15 [notice] 20#20: gracefully shutting down
2024/03/20 19:17:15 [notice] 23#23: gracefully shutting down
2024/03/20 19:17:15 [notice] 20#20: exiting
2024/03/20 19:17:15 [notice] 21#21: exit
2024/03/20 19:17:15 [notice] 23#23: exiting
2024/03/20 19:17:15 [notice] 20#20: exit
2024/03/20 19:17:15 [notice] 23#23: exit
2024/03/20 19:17:15 [notice] 22#22: gracefully shutting down
2024/03/20 19:17:15 [notice] 22#22: exiting
2024/03/20 19:17:15 [notice] 22#22: exit
2024/03/20 19:17:15 [notice] 1#1: signal 17 (SIGCHLD) received from 21
2024/03/20 19:17:15 [notice] 1#1: worker process 21 exited with code 0
2024/03/20 19:17:15 [notice] 1#1: signal 29 (SIGIO) received
2024/03/20 19:17:15 [notice] 1#1: signal 17 (SIGCHLD) received from 23
2024/03/20 19:17:15 [notice] 1#1: worker process 22 exited with code 0
2024/03/20 19:17:15 [notice] 1#1: worker process 23 exited with code 0
2024/03/20 19:17:15 [notice] 1#1: signal 29 (SIGIO) received
2024/03/20 19:17:15 [notice] 1#1: signal 17 (SIGCHLD) received from 20
2024/03/20 19:17:15 [notice] 1#1: worker process 20 exited with code 0
2024/03/20 19:17:15 [notice] 1#1: exit
2024/03/20 19:17:17 [notice] 1#1: using the "epoll" event method
2024/03/20 19:17:17 [notice] 1#1: nginx/1.25.4
2024/03/20 19:17:17 [notice] 1#1: built by gcc 12.2.1 20220924 (Alpine 12.2.1_git20220924-r10) 
2024/03/20 19:17:17 [notice] 1#1: OS: Linux 5.15.133.1-microsoft-standard-WSL2
2024/03/20 19:17:17 [notice] 1#1: getrlimit(RLIMIT_NOFILE): 1048576:1048576
2024/03/20 19:17:17 [notice] 1#1: start worker processes
2024/03/20 19:17:17 [notice] 1#1: start worker process 20
2024/03/20 19:17:17 [notice] 1#1: start worker process 21
2024/03/20 19:17:17 [notice] 1#1: start worker process 22
2024/03/20 19:17:17 [notice] 1#1: start worker process 23
2024/03/20 19:18:03 [notice] 1#1: signal 3 (SIGQUIT) received, shutting down
2024/03/20 19:18:03 [notice] 23#23: gracefully shutting down
2024/03/20 19:18:03 [notice] 23#23: exiting
2024/03/20 19:18:03 [notice] 23#23: exit
2024/03/20 19:18:03 [notice] 20#20: gracefully shutting down
2024/03/20 19:18:03 [notice] 20#20: exiting
2024/03/20 19:18:03 [notice] 20#20: exit
2024/03/20 19:18:03 [notice] 22#22: gracefully shutting down
2024/03/20 19:18:03 [notice] 22#22: exiting
2024/03/20 19:18:03 [notice] 22#22: exit
2024/03/20 19:18:03 [notice] 21#21: gracefully shutting down
2024/03/20 19:18:03 [notice] 21#21: exiting
2024/03/20 19:18:03 [notice] 21#21: exit
2024/03/20 19:18:03 [notice] 1#1: signal 17 (SIGCHLD) received from 23
2024/03/20 19:18:03 [notice] 1#1: worker process 23 exited with code 0
2024/03/20 19:18:03 [notice] 1#1: signal 29 (SIGIO) received
2024/03/20 19:18:03 [notice] 1#1: signal 17 (SIGCHLD) received from 21
2024/03/20 19:18:03 [notice] 1#1: worker process 21 exited with code 0
2024/03/20 19:18:03 [notice] 1#1: worker process 22 exited with code 0
2024/03/20 19:18:03 [notice] 1#1: signal 29 (SIGIO) received
2024/03/20 19:18:03 [notice] 1#1: signal 17 (SIGCHLD) received from 20
2024/03/20 19:18:03 [notice] 1#1: worker process 20 exited with code 0
2024/03/20 19:18:03 [notice] 1#1: exit
2024/03/20 19:18:13 [notice] 1#1: using the "epoll" event method
2024/03/20 19:18:13 [notice] 1#1: nginx/1.25.4
2024/03/20 19:18:13 [notice] 1#1: built by gcc 12.2.1 20220924 (Alpine 12.2.1_git20220924-r10) 
2024/03/20 19:18:13 [notice] 1#1: OS: Linux 5.15.133.1-microsoft-standard-WSL2
2024/03/20 19:18:13 [notice] 1#1: getrlimit(RLIMIT_NOFILE): 1048576:1048576
2024/03/20 19:18:13 [notice] 1#1: start worker processes
2024/03/20 19:18:13 [notice] 1#1: start worker process 20
2024/03/20 19:18:13 [notice] 1#1: start worker process 21
2024/03/20 19:18:13 [notice] 1#1: start worker process 22
2024/03/20 19:18:13 [notice] 1#1: start worker process 23
2024/03/20 19:18:53 [notice] 1#1: signal 3 (SIGQUIT) received, shutting down
2024/03/20 19:18:53 [notice] 20#20: gracefully shutting down
2024/03/20 19:18:53 [notice] 22#22: gracefully shutting down
2024/03/20 19:18:53 [notice] 22#22: exiting
2024/03/20 19:18:53 [notice] 20#20: exiting
2024/03/20 19:18:53 [notice] 20#20: exit
2024/03/20 19:18:53 [notice] 22#22: exit
2024/03/20 19:18:53 [notice] 23#23: gracefully shutting down
2024/03/20 19:18:53 [notice] 23#23: exiting
2024/03/20 19:18:53 [notice] 23#23: exit
2024/03/20 19:18:53 [notice] 21#21: gracefully shutting down
2024/03/20 19:18:53 [notice] 21#21: exiting
2024/03/20 19:18:53 [notice] 21#21: exit
2024/03/20 19:18:53 [notice] 1#1: signal 17 (SIGCHLD) received from 20
2024/03/20 19:18:53 [notice] 1#1: worker process 20 exited with code 0
2024/03/20 19:18:53 [notice] 1#1: worker process 22 exited with code 0
2024/03/20 19:18:53 [notice] 1#1: signal 29 (SIGIO) received
2024/03/20 19:18:53 [notice] 1#1: signal 17 (SIGCHLD) received from 21
2024/03/20 19:18:53 [notice] 1#1: worker process 21 exited with code 0
2024/03/20 19:18:53 [notice] 1#1: signal 29 (SIGIO) received
2024/03/20 19:18:53 [notice] 1#1: signal 17 (SIGCHLD) received from 23
2024/03/20 19:18:53 [notice] 1#1: worker process 23 exited with code 0
2024/03/20 19:18:53 [notice] 1#1: exit
2024/03/20 19:18:59 [notice] 1#1: using the "epoll" event method
2024/03/20 19:18:59 [notice] 1#1: nginx/1.25.4
2024/03/20 19:18:59 [notice] 1#1: built by gcc 12.2.1 20220924 (Alpine 12.2.1_git20220924-r10) 
2024/03/20 19:18:59 [notice] 1#1: OS: Linux 5.15.133.1-microsoft-standard-WSL2
2024/03/20 19:18:59 [notice] 1#1: getrlimit(RLIMIT_NOFILE): 1048576:1048576
2024/03/20 19:18:59 [notice] 1#1: start worker processes
2024/03/20 19:18:59 [notice] 1#1: start worker process 20
2024/03/20 19:18:59 [notice] 1#1: start worker process 21
2024/03/20 19:18:59 [notice] 1#1: start worker process 22
2024/03/20 19:18:59 [notice] 1#1: start worker process 23
2024/03/20 19:37:31 [notice] 1#1: signal 3 (SIGQUIT) received, shutting down
2024/03/20 19:37:31 [notice] 21#21: gracefully shutting down
2024/03/20 19:37:31 [notice] 20#20: gracefully shutting down
2024/03/20 19:37:31 [notice] 21#21: exiting
2024/03/20 19:37:31 [notice] 20#20: exiting
2024/03/20 19:37:31 [notice] 22#22: gracefully shutting down
2024/03/20 19:37:31 [notice] 20#20: exit
2024/03/20 19:37:31 [notice] 21#21: exit
2024/03/20 19:37:31 [notice] 22#22: exiting
2024/03/20 19:37:31 [notice] 22#22: exit
2024/03/20 19:37:31 [notice] 23#23: gracefully shutting down
2024/03/20 19:37:31 [notice] 23#23: exiting
2024/03/20 19:37:31 [notice] 23#23: exit
2024/03/20 19:37:31 [notice] 1#1: signal 17 (SIGCHLD) received from 22
2024/03/20 19:37:31 [notice] 1#1: worker process 22 exited with code 0
2024/03/20 19:37:31 [notice] 1#1: signal 29 (SIGIO) received
2024/03/20 19:37:31 [notice] 1#1: signal 17 (SIGCHLD) received from 21
2024/03/20 19:37:31 [notice] 1#1: worker process 21 exited with code 0
2024/03/20 19:37:31 [notice] 1#1: signal 29 (SIGIO) received
2024/03/20 19:37:31 [notice] 1#1: signal 17 (SIGCHLD) received from 23
2024/03/20 19:37:31 [notice] 1#1: worker process 23 exited with code 0
2024/03/20 19:37:31 [notice] 1#1: signal 29 (SIGIO) received
2024/03/20 19:37:31 [notice] 1#1: signal 17 (SIGCHLD) received from 20
2024/03/20 19:37:31 [notice] 1#1: worker process 20 exited with code 0
2024/03/20 19:37:31 [notice] 1#1: exit
2024/03/20 19:38:05 [notice] 1#1: using the "epoll" event method
2024/03/20 19:38:05 [notice] 1#1: nginx/1.25.4
2024/03/20 19:38:05 [notice] 1#1: built by gcc 12.2.1 20220924 (Alpine 12.2.1_git20220924-r10) 
2024/03/20 19:38:05 [notice] 1#1: OS: Linux 5.15.133.1-microsoft-standard-WSL2
2024/03/20 19:38:05 [notice] 1#1: getrlimit(RLIMIT_NOFILE): 1048576:1048576
2024/03/20 19:38:05 [notice] 1#1: start worker processes
2024/03/20 19:38:05 [notice] 1#1: start worker process 20
2024/03/20 19:38:05 [notice] 1#1: start worker process 21
2024/03/20 19:38:05 [notice] 1#1: start worker process 22
2024/03/20 19:38:05 [notice] 1#1: start worker process 23
2025/02/23 19:55:07 [emerg] 1#1: host not found in upstream "web" in /etc/nginx/conf.d/app.conf:6
2025/02/23 19:55:16 [emerg] 1#1: host not found in upstream "web" in /etc/nginx/conf.d/app.conf:6
2025/02/23 19:55:25 [emerg] 1#1: host not found in upstream "web" in /etc/nginx/conf.d/app.conf:6
2025/02/23 19:55:34 [emerg] 1#1: host not found in upstream "web" in /etc/nginx/conf.d/app.conf:6
2025/02/23 19:55:43 [emerg] 1#1: host not found in upstream "web" in /etc/nginx/conf.d/app.conf:6
2025/02/23 19:55:54 [emerg] 1#1: host not found in upstream "web" in /etc/nginx/conf.d/app.conf:6
2025/02/23 19:56:05 [emerg] 1#1: host not found in upstream "web" in /etc/nginx/conf.d/app.conf:6
2025/02/23 19:56:20 [emerg] 1#1: host not found in upstream "web" in /etc/nginx/conf.d/app.conf:6
2025/02/23 19:56:41 [emerg] 1#1: host not found in upstream "web" in /etc/nginx/conf.d/app.conf:6
2025/02/23 19:57:15 [emerg] 1#1: host not found in upstream "web" in /etc/nginx/conf.d/app.conf:6
2025/02/23 19:58:15 [emerg] 1#1: host not found in upstream "web" in /etc/nginx/conf.d/app.conf:6
2025/02/23 19:59:23 [emerg] 1#1: host not found in upstream "web" in /etc/nginx/conf.d/app.conf:6
2025/02/23 20:00:31 [emerg] 1#1: host not found in upstream "web" in /etc/nginx/conf.d/app.conf:6
2025/02/23 20:01:40 [emerg] 1#1: host not found in upstream "web" in /etc/nginx/conf.d/app.conf:6
2025/02/23 20:02:48 [emerg] 1#1: host not found in upstream "web" in /etc/nginx/conf.d/app.conf:6
2025/02/23 20:03:57 [emerg] 1#1: host not found in upstream "web" in /etc/nginx/conf.d/app.conf:6
2025/02/23 20:05:05 [emerg] 1#1: host not found in upstream "web" in /etc/nginx/conf.d/app.conf:6
2025/02/23 20:06:13 [emerg] 1#1: host not found in upstream "web" in /etc/nginx/conf.d/app.conf:6
2025/02/23 20:07:39 [emerg] 1#1: host not found in upstream "web" in /etc/nginx/conf.d/app.conf:6
2025/02/23 20:07:48 [emerg] 1#1: host not found in upstream "web" in /etc/nginx/conf.d/app.conf:6
2025/02/23 20:07:57 [emerg] 1#1: host not found in upstream "web" in /etc/nginx/conf.d/app.conf:6
2025/02/23 20:08:06 [emerg] 1#1: host not found in upstream "web" in /etc/nginx/conf.d/app.conf:6
2025/02/23 20:08:15 [emerg] 1#1: host not found in upstream "web" in /etc/nginx/conf.d/app.conf:6
2025/02/23 20:08:25 [emerg] 1#1: host not found in upstream "web" in /etc/nginx/conf.d/app.conf:6
2025/02/23 20:08:37 [emerg] 1#1: host not found in upstream "web" in /etc/nginx/conf.d/app.conf:6
2025/02/23 20:08:52 [emerg] 1#1: host not found in upstream "web" in /etc/nginx/conf.d/app.conf:6
2025/02/23 20:09:13 [emerg] 1#1: host not found in upstream "web" in /etc/nginx/conf.d/app.conf:6
2025/02/23 20:09:47 [emerg] 1#1: host not found in upstream "web" in /etc/nginx/conf.d/app.conf:6
2025/02/23 20:10:32 [emerg] 1#1: host not found in upstream "web" in /etc/nginx/conf.d/app.conf:6
2025/02/23 20:10:41 [emerg] 1#1: host not found in upstream "web" in /etc/nginx/conf.d/app.conf:6
2025/02/23 20:10:50 [emerg] 1#1: host not found in upstream "web" in /etc/nginx/conf.d/app.conf:6
2025/02/23 20:10:59 [emerg] 1#1: host not found in upstream "web" in /etc/nginx/conf.d/app.conf:6
2025/02/23 20:11:08 [emerg] 1#1: host not found in upstream "web" in /etc/nginx/conf.d/app.conf:6
2025/02/23 20:11:18 [emerg] 1#1: host not found in upstream "web" in /etc/nginx/conf.d/app.conf:6
2025/02/23 20:11:30 [emerg] 1#1: host not found in upstream "web" in /etc/nginx/conf.d/app.conf:6
2025/02/23 20:11:44 [emerg] 1#1: host not found in upstream "web" in /etc/nginx/conf.d/app.conf:6
2025/02/23 20:30:36 [emerg] 1#1: host not found in upstream "web" in /etc/nginx/conf.d/app.conf:6
2025/02/23 20:30:45 [emerg] 1#1: host not found in upstream "web" in /etc/nginx/conf.d/app.conf:6
2025/02/23 20:36:43 [emerg] 1#1: host not found in upstream "web" in /etc/nginx/conf.d/app.conf:6
2025/02/23 20:36:52 [emerg] 1#1: host not found in upstream "web" in /etc/nginx/conf.d/app.conf:6
2025/02/23 20:37:01 [emerg] 1#1: host not found in upstream "web" in /etc/nginx/conf.d/app.conf:6
2025/02/23 20:37:09 [emerg] 1#1: host not found in upstream "web" in /etc/nginx/conf.d/app.conf:6
2025/02/23 20:37:19 [emerg] 1#1: host not found in upstream "web" in /etc/nginx/conf.d/app.conf:6
2025/02/23 20:37:28 [emerg] 1#1: host not found in upstream "web" in /etc/nginx/conf.d/app.conf:6
2025/02/23 20:37:59 [emerg] 1#1: host not found in upstream "web" in /etc/nginx/conf.d/app.conf:6
2025/02/23 20:38:08 [emerg] 1#1: host not found in upstream "web" in /etc/nginx/conf.d/app.conf:6
2025/02/23 20:38:17 [emerg] 1#1: host not found in upstream "web" in /etc/nginx/conf.d/app.conf:6
2025/02/23 20:38:26 [emerg] 1#1: host not found in upstream "web" in /etc/nginx/conf.d/app.conf:6
2025/02/23 20:38:35 [emerg] 1#1: host not found in upstream "web" in /etc/nginx/conf.d/app.conf:6
2025/02/23 20:38:45 [emerg] 1#1: host not found in upstream "web" in /etc/nginx/conf.d/app.conf:6
2025/02/23 20:38:57 [emerg] 1#1: host not found in upstream "web" in /etc/nginx/conf.d/app.conf:6
2025/02/23 20:39:11 [emerg] 1#1: host not found in upstream "web" in /etc/nginx/conf.d/app.conf:6
2025/02/23 20:39:51 [emerg] 1#1: host not found in upstream "web" in /etc/nginx/conf.d/app.conf:6
2025/02/23 20:46:27 [emerg] 1#1: host not found in upstream "web" in /etc/nginx/conf.d/app.conf:6
2025/02/23 20:48:01 [emerg] 1#1: host not found in upstream "web" in /etc/nginx/conf.d/app.conf:6
2025/02/23 20:48:10 [emerg] 1#1: host not found in upstream "web" in /etc/nginx/conf.d/app.conf:6
2025/02/23 20:48:19 [emerg] 1#1: host not found in upstream "web" in /etc/nginx/conf.d/app.conf:6
2025/02/23 20:48:28 [emerg] 1#1: host not found in upstream "web" in /etc/nginx/conf.d/app.conf:6
2025/02/23 20:48:37 [emerg] 1#1: host not found in upstream "web" in /etc/nginx/conf.d/app.conf:6
2025/02/23 20:48:47 [emerg] 1#1: host not found in upstream "web" in /etc/nginx/conf.d/app.conf:6
2025/02/23 20:48:58 [emerg] 1#1: host not found in upstream "web" in /etc/nginx/conf.d/app.conf:6
2025/02/23 20:49:13 [emerg] 1#1: host not found in upstream "web" in /etc/nginx/conf.d/app.conf:6
2025/02/23 20:49:34 [emerg] 1#1: host not found in upstream "web" in /etc/nginx/conf.d/app.conf:6
2025/02/23 20:50:09 [emerg] 1#1: host not found in upstream "web" in /etc/nginx/conf.d/app.conf:6
2025/02/23 20:51:08 [emerg] 1#1: host not found in upstream "web" in /etc/nginx/conf.d/app.conf:6
2025/02/23 20:52:17 [emerg] 1#1: host not found in upstream "web" in /etc/nginx/conf.d/app.conf:6
2025/02/23 20:55:05 [emerg] 1#1: host not found in upstream "web" in /etc/nginx/conf.d/app.conf:6
2025/02/23 20:55:14 [emerg] 1#1: host not found in upstream "web" in /etc/nginx/conf.d/app.conf:6
2025/02/23 20:55:23 [emerg] 1#1: host not found in upstream "web" in /etc/nginx/conf.d/app.conf:6
2025/02/23 20:55:32 [emerg] 1#1: host not found in upstream "web" in /etc/nginx/conf.d/app.conf:6
2025/02/23 20:55:41 [emerg] 1#1: host not found in upstream "web" in /etc/nginx/conf.d/app.conf:6
2025/02/23 20:55:51 [emerg] 1#1: host not found in upstream "web" in /etc/nginx/conf.d/app.conf:6
2025/02/23 20:56:03 [emerg] 1#1: host not found in upstream "web" in /etc/nginx/conf.d/app.conf:6
2025/02/23 20:56:17 [emerg] 1#1: host not found in upstream "web" in /etc/nginx/conf.d/app.conf:6
2025/02/23 20:56:38 [emerg] 1#1: host not found in upstream "web" in /etc/nginx/conf.d/app.conf:6
2025/02/23 20:57:12 [emerg] 1#1: host not found in upstream "web" in /etc/nginx/conf.d/app.conf:6
2025/02/23 20:57:51 [emerg] 1#1: host not found in upstream "web" in /etc/nginx/conf.d/app.conf:6
2025/02/23 20:58:00 [emerg] 1#1: host not found in upstream "web" in /etc/nginx/conf.d/app.conf:6
2025/02/23 20:58:09 [emerg] 1#1: host not found in upstream "web" in /etc/nginx/conf.d/app.conf:6
2025/02/23 20:58:18 [emerg] 1#1: host not found in upstream "web" in /etc/nginx/conf.d/app.conf:6
2025/02/23 20:58:27 [emerg] 1#1: host not found in upstream "web" in /etc/nginx/conf.d/app.conf:6
2025/02/23 20:58:37 [emerg] 1#1: host not found in upstream "web" in /etc/nginx/conf.d/app.conf:6
2025/02/23 20:58:49 [emerg] 1#1: host not found in upstream "web" in /etc/nginx/conf.d/app.conf:6
2025/02/23 20:59:03 [notice] 1#1: using the "epoll" event method
2025/02/23 20:59:03 [notice] 1#1: nginx/1.27.4
2025/02/23 20:59:03 [notice] 1#1: built by gcc 12.2.0 (Debian 12.2.0-14) 
2025/02/23 20:59:03 [notice] 1#1: OS: Linux 5.15.167.4-microsoft-standard-WSL2
2025/02/23 20:59:03 [notice] 1#1: getrlimit(RLIMIT_NOFILE): 1048576:1048576
2025/02/23 20:59:03 [notice] 1#1: start worker processes
2025/02/23 20:59:03 [notice] 1#1: start worker process 20
2025/02/23 20:59:03 [notice] 1#1: start worker process 21
2025/02/23 20:59:03 [notice] 1#1: start worker process 22
2025/02/23 20:59:03 [notice] 1#1: start worker process 23
2025/02/23 20:59:03 [notice] 1#1: start worker process 24
2025/02/23 20:59:03 [notice] 1#1: start worker process 25
2025/02/23 20:59:03 [notice] 1#1: start worker process 26
2025/02/23 20:59:03 [notice] 1#1: start worker process 27
2025/02/23 20:59:03 [notice] 1#1: start worker process 28
2025/02/23 20:59:03 [notice] 1#1: start worker process 29
2025/02/23 20:59:03 [notice] 1#1: start worker process 30
2025/02/23 20:59:03 [notice] 1#1: start worker process 31
2025/02/23 20:59:04 [error] 20#20: *1 "/etc/nginx/html/index.html" is not found (2: No such file or directory), client: 192.168.96.1, server: localhost, request: "GET / HTTP/1.1", host: "localhost:8080"
2025/02/23 20:59:04 [error] 20#20: *1 open() "/etc/nginx/html/favicon.ico" failed (2: No such file or directory), client: 192.168.96.1, server: localhost, request: "GET /favicon.ico HTTP/1.1", host: "localhost:8080", referrer: "http://localhost:8080/"
2025/02/23 20:59:38 [error] 20#20: *1 "/etc/nginx/html/index.html" is not found (2: No such file or directory), client: 192.168.96.1, server: localhost, request: "GET / HTTP/1.1", host: "localhost:8080"
2025/02/23 20:59:39 [error] 20#20: *1 "/etc/nginx/html/index.html" is not found (2: No such file or directory), client: 192.168.96.1, server: localhost, request: "GET / HTTP/1.1", host: "localhost:8080"
2025/02/23 21:02:25 [notice] 1#1: signal 3 (SIGQUIT) received, shutting down
2025/02/23 21:02:25 [notice] 20#20: gracefully shutting down
2025/02/23 21:02:25 [notice] 21#21: gracefully shutting down
2025/02/23 21:02:25 [notice] 20#20: exiting
2025/02/23 21:02:25 [notice] 22#22: gracefully shutting down
2025/02/23 21:02:25 [notice] 21#21: exiting
2025/02/23 21:02:25 [notice] 23#23: gracefully shutting down
2025/02/23 21:02:25 [notice] 24#24: gracefully shutting down
2025/02/23 21:02:25 [notice] 22#22: exiting
2025/02/23 21:02:25 [notice] 25#25: gracefully shutting down
2025/02/23 21:02:25 [notice] 20#20: exit
2025/02/23 21:02:25 [notice] 23#23: exiting
2025/02/23 21:02:25 [notice] 26#26: gracefully shutting down
2025/02/23 21:02:25 [notice] 24#24: exiting
2025/02/23 21:02:25 [notice] 25#25: exiting
2025/02/23 21:02:25 [notice] 27#27: gracefully shutting down
2025/02/23 21:02:25 [notice] 22#22: exit
2025/02/23 21:02:25 [notice] 28#28: gracefully shutting down
2025/02/23 21:02:25 [notice] 26#26: exiting
2025/02/23 21:02:25 [notice] 31#31: gracefully shutting down
2025/02/23 21:02:25 [notice] 30#30: gracefully shutting down
2025/02/23 21:02:25 [notice] 29#29: gracefully shutting down
2025/02/23 21:02:25 [notice] 23#23: exit
2025/02/23 21:02:25 [notice] 27#27: exiting
2025/02/23 21:02:25 [notice] 24#24: exit
2025/02/23 21:02:25 [notice] 28#28: exiting
2025/02/23 21:02:25 [notice] 25#25: exit
2025/02/23 21:02:25 [notice] 31#31: exiting
2025/02/23 21:02:25 [notice] 30#30: exiting
2025/02/23 21:02:25 [notice] 26#26: exit
2025/02/23 21:02:25 [notice] 29#29: exiting
2025/02/23 21:02:25 [notice] 27#27: exit
2025/02/23 21:02:25 [notice] 28#28: exit
2025/02/23 21:02:25 [notice] 31#31: exit
2025/02/23 21:02:25 [notice] 30#30: exit
2025/02/23 21:02:25 [notice] 29#29: exit
2025/02/23 21:02:25 [notice] 21#21: exit
2025/02/23 21:02:25 [notice] 1#1: signal 17 (SIGCHLD) received from 25
2025/02/23 21:02:25 [notice] 1#1: worker process 20 exited with code 0
2025/02/23 21:02:25 [notice] 1#1: worker process 21 exited with code 0
2025/02/23 21:02:25 [notice] 1#1: worker process 22 exited with code 0
2025/02/23 21:02:25 [notice] 1#1: worker process 23 exited with code 0
2025/02/23 21:02:25 [notice] 1#1: worker process 24 exited with code 0
2025/02/23 21:02:25 [notice] 1#1: worker process 25 exited with code 0
2025/02/23 21:02:25 [notice] 1#1: signal 29 (SIGIO) received
2025/02/23 21:02:25 [notice] 1#1: signal 17 (SIGCHLD) received from 30
2025/02/23 21:02:25 [notice] 1#1: worker process 30 exited with code 0
2025/02/23 21:02:25 [notice] 1#1: worker process 31 exited with code 0
2025/02/23 21:02:25 [notice] 1#1: signal 29 (SIGIO) received
2025/02/23 21:02:25 [notice] 1#1: signal 17 (SIGCHLD) received from 28
2025/02/23 21:02:25 [notice] 1#1: worker process 26 exited with code 0
2025/02/23 21:02:25 [notice] 1#1: worker process 27 exited with code 0
2025/02/23 21:02:25 [notice] 1#1: worker process 28 exited with code 0
2025/02/23 21:02:25 [notice] 1#1: signal 29 (SIGIO) received
2025/02/23 21:02:25 [notice] 1#1: signal 17 (SIGCHLD) received from 27
2025/02/23 21:02:25 [notice] 1#1: signal 17 (SIGCHLD) received from 29
2025/02/23 21:02:25 [notice] 1#1: worker process 29 exited with code 0
2025/02/23 21:02:25 [notice] 1#1: exit
2025/02/23 21:02:34 [notice] 1#1: using the "epoll" event method
2025/02/23 21:02:34 [notice] 1#1: nginx/1.27.4
2025/02/23 21:02:34 [notice] 1#1: built by gcc 12.2.0 (Debian 12.2.0-14) 
2025/02/23 21:02:34 [notice] 1#1: OS: Linux 5.15.167.4-microsoft-standard-WSL2
2025/02/23 21:02:34 [notice] 1#1: getrlimit(RLIMIT_NOFILE): 1048576:1048576
2025/02/23 21:02:34 [notice] 1#1: start worker processes
2025/02/23 21:02:34 [notice] 1#1: start worker process 20
2025/02/23 21:02:34 [notice] 1#1: start worker process 21
2025/02/23 21:02:34 [notice] 1#1: start worker process 22
2025/02/23 21:02:34 [notice] 1#1: start worker process 23
2025/02/23 21:02:34 [notice] 1#1: start worker process 24
2025/02/23 21:02:34 [notice] 1#1: start worker process 25
2025/02/23 21:02:34 [notice] 1#1: start worker process 26
2025/02/23 21:02:34 [notice] 1#1: start worker process 27
2025/02/23 21:02:34 [notice] 1#1: start worker process 28
2025/02/23 21:02:34 [notice] 1#1: start worker process 29
2025/02/23 21:02:34 [notice] 1#1: start worker process 30
2025/02/23 21:02:34 [notice] 1#1: start worker process 31
2025/02/23 21:04:57 [error] 20#20: *1 recv() failed (104: Connection reset by peer) while reading response header from upstream, client: 192.168.128.1, server: localhost, request: "GET /api/teste HTTP/1.1", upstream: "http://192.168.128.3:9000/teste", host: "localhost:8080"
2025/02/23 21:05:47 [error] 20#20: *1 recv() failed (104: Connection reset by peer) while reading response header from upstream, client: 192.168.128.1, server: localhost, request: "GET /api/teste HTTP/1.1", upstream: "http://192.168.128.3:9000/teste", host: "localhost:8080"
2025/02/23 21:06:02 [error] 20#20: *1 recv() failed (104: Connection reset by peer) while reading response header from upstream, client: 192.168.128.1, server: localhost, request: "GET /api/teste HTTP/1.1", upstream: "http://192.168.128.3:9000/teste", host: "localhost:8080"
2025/02/23 21:08:42 [error] 23#23: *7 recv() failed (104: Connection reset by peer) while reading response header from upstream, client: 192.168.128.1, server: localhost, request: "GET /api/teste HTTP/1.1", upstream: "http://192.168.128.3:9000/teste", host: "localhost:8080"
2025/02/23 21:08:43 [error] 23#23: *7 recv() failed (104: Connection reset by peer) while reading response header from upstream, client: 192.168.128.1, server: localhost, request: "GET /api/teste HTTP/1.1", upstream: "http://192.168.128.3:9000/teste", host: "localhost:8080"
2025/02/23 21:08:43 [error] 23#23: *7 open() "/etc/nginx/html/favicon.ico" failed (2: No such file or directory), client: 192.168.128.1, server: localhost, request: "GET /favicon.ico HTTP/1.1", host: "localhost:8080", referrer: "http://localhost:8080/api/teste"
2025/02/23 21:08:44 [error] 23#23: *7 recv() failed (104: Connection reset by peer) while reading response header from upstream, client: 192.168.128.1, server: localhost, request: "GET /api/teste HTTP/1.1", upstream: "http://192.168.128.3:9000/teste", host: "localhost:8080"
2025/02/23 21:08:45 [error] 23#23: *7 recv() failed (104: Connection reset by peer) while reading response header from upstream, client: 192.168.128.1, server: localhost, request: "GET /api/teste HTTP/1.1", upstream: "http://192.168.128.3:9000/teste", host: "localhost:8080"
2025/02/23 21:08:45 [error] 23#23: *7 recv() failed (104: Connection reset by peer) while reading response header from upstream, client: 192.168.128.1, server: localhost, request: "GET /api/teste HTTP/1.1", upstream: "http://192.168.128.3:9000/teste", host: "localhost:8080"
2025/02/23 21:08:45 [error] 23#23: *7 recv() failed (104: Connection reset by peer) while reading response header from upstream, client: 192.168.128.1, server: localhost, request: "GET /api/teste HTTP/1.1", upstream: "http://192.168.128.3:9000/teste", host: "localhost:8080"
2025/02/23 21:08:55 [notice] 1#1: signal 3 (SIGQUIT) received, shutting down
2025/02/23 21:08:55 [notice] 20#20: gracefully shutting down
2025/02/23 21:08:55 [notice] 21#21: gracefully shutting down
2025/02/23 21:08:55 [notice] 22#22: gracefully shutting down
2025/02/23 21:08:55 [notice] 23#23: gracefully shutting down
2025/02/23 21:08:55 [notice] 21#21: exiting
2025/02/23 21:08:55 [notice] 20#20: exiting
2025/02/23 21:08:55 [notice] 24#24: gracefully shutting down
2025/02/23 21:08:55 [notice] 22#22: exiting
2025/02/23 21:08:55 [notice] 26#26: gracefully shutting down
2025/02/23 21:08:55 [notice] 25#25: gracefully shutting down
2025/02/23 21:08:55 [notice] 21#21: exit
2025/02/23 21:08:55 [notice] 26#26: exiting
2025/02/23 21:08:55 [notice] 20#20: exit
2025/02/23 21:08:55 [notice] 28#28: gracefully shutting down
2025/02/23 21:08:55 [notice] 22#22: exit
2025/02/23 21:08:55 [notice] 27#27: gracefully shutting down
2025/02/23 21:08:55 [notice] 28#28: exiting
2025/02/23 21:08:55 [notice] 23#23: exiting
2025/02/23 21:08:55 [notice] 26#26: exit
2025/02/23 21:08:55 [notice] 25#25: exiting
2025/02/23 21:08:55 [notice] 27#27: exiting
2025/02/23 21:08:55 [notice] 29#29: gracefully shutting down
2025/02/23 21:08:55 [notice] 23#23: exit
2025/02/23 21:08:55 [notice] 29#29: exiting
2025/02/23 21:08:55 [notice] 25#25: exit
2025/02/23 21:08:55 [notice] 27#27: exit
2025/02/23 21:08:55 [notice] 28#28: exit
2025/02/23 21:08:55 [notice] 29#29: exit
2025/02/23 21:08:55 [notice] 30#30: gracefully shutting down
2025/02/23 21:08:55 [notice] 31#31: gracefully shutting down
2025/02/23 21:08:55 [notice] 31#31: exiting
2025/02/23 21:08:55 [notice] 31#31: exit
2025/02/23 21:08:55 [notice] 30#30: exiting
2025/02/23 21:08:55 [notice] 30#30: exit
2025/02/23 21:08:55 [notice] 1#1: signal 17 (SIGCHLD) received from 25
2025/02/23 21:08:55 [notice] 1#1: worker process 25 exited with code 0
2025/02/23 21:08:55 [notice] 1#1: worker process 26 exited with code 0
2025/02/23 21:08:55 [notice] 1#1: worker process 30 exited with code 0
2025/02/23 21:08:55 [notice] 1#1: signal 29 (SIGIO) received
2025/02/23 21:08:55 [notice] 1#1: signal 17 (SIGCHLD) received from 30
2025/02/23 21:08:55 [notice] 1#1: signal 17 (SIGCHLD) received from 23
2025/02/23 21:08:55 [notice] 1#1: worker process 23 exited with code 0
2025/02/23 21:08:55 [notice] 1#1: worker process 21 exited with code 0
2025/02/23 21:08:55 [notice] 1#1: worker process 22 exited with code 0
2025/02/23 21:08:55 [notice] 1#1: worker process 27 exited with code 0
2025/02/23 21:08:55 [notice] 1#1: worker process 28 exited with code 0
2025/02/23 21:08:55 [notice] 1#1: worker process 29 exited with code 0
2025/02/23 21:08:55 [notice] 1#1: worker process 31 exited with code 0
2025/02/23 21:08:55 [notice] 1#1: signal 29 (SIGIO) received
2025/02/23 21:08:55 [notice] 1#1: signal 17 (SIGCHLD) received from 27
2025/02/23 21:08:55 [notice] 1#1: signal 17 (SIGCHLD) received from 20
2025/02/23 21:08:55 [notice] 1#1: worker process 20 exited with code 0
2025/02/23 21:08:55 [notice] 1#1: signal 29 (SIGIO) received
2025/02/23 21:09:12 [notice] 1#1: using the "epoll" event method
2025/02/23 21:09:12 [notice] 1#1: nginx/1.27.4
2025/02/23 21:09:12 [notice] 1#1: built by gcc 12.2.0 (Debian 12.2.0-14) 
2025/02/23 21:09:12 [notice] 1#1: OS: Linux 5.15.167.4-microsoft-standard-WSL2
2025/02/23 21:09:12 [notice] 1#1: getrlimit(RLIMIT_NOFILE): 1048576:1048576
2025/02/23 21:09:12 [notice] 1#1: start worker processes
2025/02/23 21:09:12 [notice] 1#1: start worker process 20
2025/02/23 21:09:12 [notice] 1#1: start worker process 21
2025/02/23 21:09:12 [notice] 1#1: start worker process 22
2025/02/23 21:09:12 [notice] 1#1: start worker process 23
2025/02/23 21:09:12 [notice] 1#1: start worker process 24
2025/02/23 21:09:12 [notice] 1#1: start worker process 25
2025/02/23 21:09:12 [notice] 1#1: start worker process 26
2025/02/23 21:09:12 [notice] 1#1: start worker process 27
2025/02/23 21:09:12 [notice] 1#1: start worker process 28
2025/02/23 21:09:12 [notice] 1#1: start worker process 29
2025/02/23 21:09:12 [notice] 1#1: start worker process 30
2025/02/23 21:09:12 [notice] 1#1: start worker process 31
2025/02/23 21:09:20 [error] 20#20: *1 recv() failed (104: Connection reset by peer) while reading response header from upstream, client: 192.168.160.1, server: localhost, request: "GET /api/teste HTTP/1.1", upstream: "http://192.168.160.3:9000/teste", host: "localhost:8080"
2025/02/23 21:09:21 [error] 20#20: *1 recv() failed (104: Connection reset by peer) while reading response header from upstream, client: 192.168.160.1, server: localhost, request: "GET /api/teste HTTP/1.1", upstream: "http://192.168.160.3:9000/teste", host: "localhost:8080"
2025/02/23 21:09:21 [error] 20#20: *1 recv() failed (104: Connection reset by peer) while reading response header from upstream, client: 192.168.160.1, server: localhost, request: "GET /api/teste HTTP/1.1", upstream: "http://192.168.160.3:9000/teste", host: "localhost:8080"
2025/02/23 21:09:21 [error] 20#20: *1 recv() failed (104: Connection reset by peer) while reading response header from upstream, client: 192.168.160.1, server: localhost, request: "GET /api/teste HTTP/1.1", upstream: "http://192.168.160.3:9000/teste", host: "localhost:8080"
2025/02/23 21:09:22 [error] 20#20: *1 recv() failed (104: Connection reset by peer) while reading response header from upstream, client: 192.168.160.1, server: localhost, request: "GET /api/teste HTTP/1.1", upstream: "http://192.168.160.3:9000/teste", host: "localhost:8080"
2025/02/23 21:09:22 [error] 20#20: *1 open() "/etc/nginx/html/favicon.ico" failed (2: No such file or directory), client: 192.168.160.1, server: localhost, request: "GET /favicon.ico HTTP/1.1", host: "localhost:8080", referrer: "http://localhost:8080/api/teste"
2025/02/23 21:09:34 [notice] 1#1: signal 3 (SIGQUIT) received, shutting down
2025/02/23 21:09:34 [notice] 20#20: gracefully shutting down
2025/02/23 21:09:34 [notice] 21#21: gracefully shutting down
2025/02/23 21:09:34 [notice] 22#22: gracefully shutting down
2025/02/23 21:09:34 [notice] 22#22: exiting
2025/02/23 21:09:34 [notice] 20#20: exiting
2025/02/23 21:09:34 [notice] 25#25: gracefully shutting down
2025/02/23 21:09:34 [notice] 24#24: gracefully shutting down
2025/02/23 21:09:34 [notice] 26#26: gracefully shutting down
2025/02/23 21:09:34 [notice] 23#23: gracefully shutting down
2025/02/23 21:09:34 [notice] 25#25: exiting
2025/02/23 21:09:34 [notice] 22#22: exit
2025/02/23 21:09:34 [notice] 26#26: exiting
2025/02/23 21:09:34 [notice] 24#24: exiting
2025/02/23 21:09:34 [notice] 27#27: gracefully shutting down
2025/02/23 21:09:34 [notice] 29#29: gracefully shutting down
2025/02/23 21:09:34 [notice] 28#28: gracefully shutting down
2025/02/23 21:09:34 [notice] 20#20: exit
2025/02/23 21:09:34 [notice] 25#25: exit
2025/02/23 21:09:34 [notice] 27#27: exiting
2025/02/23 21:09:34 [notice] 26#26: exit
2025/02/23 21:09:34 [notice] 24#24: exit
2025/02/23 21:09:34 [notice] 23#23: exiting
2025/02/23 21:09:34 [notice] 28#28: exiting
2025/02/23 21:09:34 [notice] 29#29: exiting
2025/02/23 21:09:34 [notice] 29#29: exit
2025/02/23 21:09:34 [notice] 28#28: exit
2025/02/23 21:09:34 [notice] 27#27: exit
2025/02/23 21:09:34 [notice] 23#23: exit
2025/02/23 21:09:34 [notice] 31#31: gracefully shutting down
2025/02/23 21:09:34 [notice] 31#31: exiting
2025/02/23 21:09:34 [notice] 31#31: exit
2025/02/23 21:09:34 [notice] 30#30: gracefully shutting down
2025/02/23 21:09:34 [notice] 30#30: exiting
2025/02/23 21:09:34 [notice] 30#30: exit
2025/02/23 21:09:34 [notice] 1#1: signal 17 (SIGCHLD) received from 20
2025/02/23 21:09:34 [notice] 1#1: worker process 20 exited with code 0
2025/02/23 21:09:34 [notice] 1#1: worker process 22 exited with code 0
2025/02/23 21:09:34 [notice] 1#1: worker process 25 exited with code 0
2025/02/23 21:09:34 [notice] 1#1: worker process 27 exited with code 0
2025/02/23 21:09:34 [notice] 1#1: worker process 28 exited with code 0
2025/02/23 21:09:34 [notice] 1#1: worker process 29 exited with code 0
2025/02/23 21:09:34 [notice] 1#1: signal 29 (SIGIO) received
2025/02/23 21:09:34 [notice] 1#1: signal 17 (SIGCHLD) received from 28
2025/02/23 21:09:35 [notice] 1#1: signal 17 (SIGCHLD) received from 30
2025/02/23 21:09:35 [notice] 1#1: worker process 26 exited with code 0
2025/02/23 21:09:35 [notice] 1#1: worker process 30 exited with code 0
2025/02/23 21:09:35 [notice] 1#1: worker process 31 exited with code 0
2025/02/23 21:09:35 [notice] 1#1: signal 29 (SIGIO) received
2025/02/23 21:09:35 [notice] 1#1: signal 17 (SIGCHLD) received from 26
2025/02/23 21:09:35 [notice] 1#1: signal 17 (SIGCHLD) received from 23
2025/02/23 21:09:35 [notice] 1#1: worker process 23 exited with code 0
2025/02/23 21:09:35 [notice] 1#1: worker process 24 exited with code 0
2025/02/23 21:09:35 [notice] 1#1: signal 29 (SIGIO) received
2025/02/23 21:09:35 [notice] 1#1: signal 17 (SIGCHLD) received from 24
2025/02/23 21:09:51 [notice] 1#1: using the "epoll" event method
2025/02/23 21:09:51 [notice] 1#1: nginx/1.27.4
2025/02/23 21:09:51 [notice] 1#1: built by gcc 12.2.0 (Debian 12.2.0-14) 
2025/02/23 21:09:51 [notice] 1#1: OS: Linux 5.15.167.4-microsoft-standard-WSL2
2025/02/23 21:09:51 [notice] 1#1: getrlimit(RLIMIT_NOFILE): 1048576:1048576
2025/02/23 21:09:51 [notice] 1#1: start worker processes
2025/02/23 21:09:51 [notice] 1#1: start worker process 28
2025/02/23 21:09:51 [notice] 1#1: start worker process 29
2025/02/23 21:09:51 [notice] 1#1: start worker process 30
2025/02/23 21:09:51 [notice] 1#1: start worker process 31
2025/02/23 21:09:51 [notice] 1#1: start worker process 32
2025/02/23 21:09:51 [notice] 1#1: start worker process 33
2025/02/23 21:09:51 [notice] 1#1: start worker process 34
2025/02/23 21:09:51 [notice] 1#1: start worker process 35
2025/02/23 21:09:51 [notice] 1#1: start worker process 36
2025/02/23 21:09:51 [notice] 1#1: start worker process 37
2025/02/23 21:09:51 [notice] 1#1: start worker process 38
2025/02/23 21:09:51 [notice] 1#1: start worker process 39
2025/02/23 21:09:56 [error] 28#28: *1 recv() failed (104: Connection reset by peer) while reading response header from upstream, client: 192.168.192.1, server: localhost, request: "GET /api/teste HTTP/1.1", upstream: "http://192.168.192.3:9000/teste", host: "localhost:8080"
2025/02/23 21:09:56 [error] 28#28: *1 open() "/etc/nginx/html/favicon.ico" failed (2: No such file or directory), client: 192.168.192.1, server: localhost, request: "GET /favicon.ico HTTP/1.1", host: "localhost:8080", referrer: "http://localhost:8080/api/teste"
2025/02/23 21:09:56 [error] 28#28: *1 recv() failed (104: Connection reset by peer) while reading response header from upstream, client: 192.168.192.1, server: localhost, request: "GET /api/teste HTTP/1.1", upstream: "http://192.168.192.3:9000/teste", host: "localhost:8080"
2025/02/23 21:09:56 [error] 28#28: *1 open() "/etc/nginx/html/favicon.ico" failed (2: No such file or directory), client: 192.168.192.1, server: localhost, request: "GET /favicon.ico HTTP/1.1", host: "localhost:8080", referrer: "http://localhost:8080/api/teste"
2025/02/23 21:09:57 [error] 28#28: *1 recv() failed (104: Connection reset by peer) while reading response header from upstream, client: 192.168.192.1, server: localhost, request: "GET /api/teste HTTP/1.1", upstream: "http://192.168.192.3:9000/teste", host: "localhost:8080"
2025/02/23 21:09:57 [error] 28#28: *1 open() "/etc/nginx/html/favicon.ico" failed (2: No such file or directory), client: 192.168.192.1, server: localhost, request: "GET /favicon.ico HTTP/1.1", host: "localhost:8080", referrer: "http://localhost:8080/api/teste"
2025/02/23 21:09:57 [error] 28#28: *1 recv() failed (104: Connection reset by peer) while reading response header from upstream, client: 192.168.192.1, server: localhost, request: "GET /api/teste HTTP/1.1", upstream: "http://192.168.192.3:9000/teste", host: "localhost:8080"
2025/02/23 21:09:57 [error] 28#28: *1 open() "/etc/nginx/html/favicon.ico" failed (2: No such file or directory), client: 192.168.192.1, server: localhost, request: "GET /favicon.ico HTTP/1.1", host: "localhost:8080", referrer: "http://localhost:8080/api/teste"
2025/02/23 21:09:57 [error] 28#28: *1 recv() failed (104: Connection reset by peer) while reading response header from upstream, client: 192.168.192.1, server: localhost, request: "GET /api/teste HTTP/1.1", upstream: "http://192.168.192.3:9000/teste", host: "localhost:8080"
2025/02/23 21:09:57 [error] 28#28: *1 open() "/etc/nginx/html/favicon.ico" failed (2: No such file or directory), client: 192.168.192.1, server: localhost, request: "GET /favicon.ico HTTP/1.1", host: "localhost:8080", referrer: "http://localhost:8080/api/teste"
2025/02/23 21:09:57 [error] 28#28: *1 recv() failed (104: Connection reset by peer) while reading response header from upstream, client: 192.168.192.1, server: localhost, request: "GET /api/teste HTTP/1.1", upstream: "http://192.168.192.3:9000/teste", host: "localhost:8080"
2025/02/23 21:09:57 [error] 28#28: *1 open() "/etc/nginx/html/favicon.ico" failed (2: No such file or directory), client: 192.168.192.1, server: localhost, request: "GET /favicon.ico HTTP/1.1", host: "localhost:8080", referrer: "http://localhost:8080/api/teste"
2025/02/23 21:09:57 [error] 28#28: *1 recv() failed (104: Connection reset by peer) while reading response header from upstream, client: 192.168.192.1, server: localhost, request: "GET /api/teste HTTP/1.1", upstream: "http://192.168.192.3:9000/teste", host: "localhost:8080"
2025/02/23 21:09:57 [error] 28#28: *1 open() "/etc/nginx/html/favicon.ico" failed (2: No such file or directory), client: 192.168.192.1, server: localhost, request: "GET /favicon.ico HTTP/1.1", host: "localhost:8080", referrer: "http://localhost:8080/api/teste"
2025/02/23 21:09:58 [error] 28#28: *1 recv() failed (104: Connection reset by peer) while reading response header from upstream, client: 192.168.192.1, server: localhost, request: "GET /api/teste HTTP/1.1", upstream: "http://192.168.192.3:9000/teste", host: "localhost:8080"
2025/02/23 21:09:58 [error] 28#28: *1 open() "/etc/nginx/html/favicon.ico" failed (2: No such file or directory), client: 192.168.192.1, server: localhost, request: "GET /favicon.ico HTTP/1.1", host: "localhost:8080", referrer: "http://localhost:8080/api/teste"
2025/02/23 21:09:59 [error] 28#28: *1 open() "/etc/nginx/html/teste" failed (2: No such file or directory), client: 192.168.192.1, server: localhost, request: "GET /teste HTTP/1.1", host: "localhost:8080"
2025/02/23 21:10:01 [error] 28#28: *1 open() "/etc/nginx/html/teste" failed (2: No such file or directory), client: 192.168.192.1, server: localhost, request: "GET /teste HTTP/1.1", host: "localhost:8080"
2025/02/23 21:10:01 [error] 28#28: *1 open() "/etc/nginx/html/favicon.ico" failed (2: No such file or directory), client: 192.168.192.1, server: localhost, request: "GET /favicon.ico HTTP/1.1", host: "localhost:8080", referrer: "http://localhost:8080/teste"
2025/02/23 21:10:05 [error] 28#28: *1 recv() failed (104: Connection reset by peer) while reading response header from upstream, client: 192.168.192.1, server: localhost, request: "GET /api/teste HTTP/1.1", upstream: "http://192.168.192.3:9000/teste", host: "localhost:8080"
2025/02/23 21:10:31 [error] 28#28: *1 recv() failed (104: Connection reset by peer) while reading response header from upstream, client: 192.168.192.1, server: localhost, request: "GET /api/teste HTTP/1.1", upstream: "http://192.168.192.3:9000/teste", host: "localhost:8080"
2025/02/23 21:10:32 [error] 28#28: *1 recv() failed (104: Connection reset by peer) while reading response header from upstream, client: 192.168.192.1, server: localhost, request: "GET /api/teste HTTP/1.1", upstream: "http://192.168.192.3:9000/teste", host: "localhost:8080"
2025/02/23 21:10:32 [error] 28#28: *1 recv() failed (104: Connection reset by peer) while reading response header from upstream, client: 192.168.192.1, server: localhost, request: "GET /api/teste HTTP/1.1", upstream: "http://192.168.192.3:9000/teste", host: "localhost:8080"
